2025-09-16 10:04:42, 1000,베이직 라운드 티셔츠
2025-09-16 10:04:46, 1000,베이직 라운드 티셔츠
2025-09-16 10:04:49, 1000,베이직 라운드 티셔츠
2025-09-16 10:06:01, 1009,플라워 패턴 원피스
2025-09-16 10:06:03, 1022,앵클 부츠
2025-09-16 10:06:05, 1014,린넨 블라우스
2025-09-16 10:06:09, 1039,실크 스카프
2025-09-16 10:06:11, 1033,가죽 벨트
2025-09-16 10:06:12, 1025,통굽 슬리퍼
2025-09-16 10:06:14, 1013,카고 조거 팬츠
2025-09-16 10:06:15, 1007,가죽 자켓
2025-09-16 10:06:16, 1011,체크 자켓
2025-09-16 10:06:17, 1022,앵클 부츠
2025-09-16 10:06:18, 1031,데일리 에코백
2025-09-16 10:06:19, 1027,여성 펌프스
2025-09-16 10:06:21, 1024,스니커즈 하이탑
2025-09-16 10:06:22, 1023,가죽 샌들
2025-09-16 10:06:24, 1000,베이직 라운드 티셔츠
2025-09-16 10:06:25, 1001,슬림핏 데님 팬츠
2025-09-16 10:06:26, 1002,오버사이즈 후드티
2025-09-16 10:06:27, 1003,스트라이프 셔츠
2025-09-16 10:06:28, 1004,미니멀 스웨터
2025-09-16 10:06:29, 1005,와이드 슬랙스
2025-09-16 10:06:30, 1006,롱 코트
2025-09-16 10:06:31, 1007,가죽 자켓
2025-09-16 10:06:32, 1008,플리츠 스커트
2025-09-16 10:06:33, 1009,플라워 패턴 원피스
2025-09-16 10:06:34, 1010,숏패딩 점퍼
2025-09-16 10:06:35, 1011,체크 자켓
2025-09-16 10:06:36, 1012,니트 조끼
2025-09-16 10:06:37, 1013,카고 조거 팬츠
2025-09-16 10:06:38, 1014,린넨 블라우스
2025-09-16 10:06:39, 1015,밴딩 와이드 팬츠
2025-09-16 10:06:40, 1015,밴딩 와이드 팬츠
2025-09-16 10:06:41, 1016,캐시미어 목폴라
2025-09-16 10:06:42, 1017,데님 숏츠
2025-09-16 10:06:43, 1018,스포츠 레깅스
2025-09-16 10:06:44, 1019,오버핏 셔츠형 자켓
2025-09-16 10:06:45, 1018,스포츠 레깅스
2025-09-16 10:06:46, 1020,데일리 운동화
2025-09-16 10:06:48, 1021,클래식 로퍼
2025-09-16 10:06:49, 1022,앵클 부츠
2025-09-16 10:06:50, 1023,가죽 샌들
2025-09-16 10:06:51, 1024,스니커즈 하이탑
2025-09-16 10:06:51, 1025,통굽 슬리퍼
2025-09-16 10:06:52, 1026,캔버스화
2025-09-16 10:06:53, 1027,여성 펌프스
2025-09-16 10:06:55, 1028,트레킹화
2025-09-16 10:06:57, 1029,장마철 레인부츠
2025-09-16 10:06:57, 1030,가죽 크로스백
2025-09-16 10:06:58, 1031,데일리 에코백
2025-09-16 10:07:01, 1032,울 머플러
2025-09-16 10:07:02, 1033,가죽 벨트
2025-09-16 10:07:03, 1034,캐주얼 스냅백
2025-09-16 10:07:04, 1035,심플한 지갑
2025-09-16 10:07:06, 1036,헤어 스크런치 세트
2025-09-16 10:07:06, 1037,골드 목걸이
2025-09-16 10:07:07, 1038,클래식 시계
2025-09-16 10:07:08, 1039,실크 스카프
2025-09-16 10:07:10, 1013,카고 조거 팬츠
2025-09-16 10:07:11, 1000,베이직 라운드 티셔츠
2025-09-16 10:07:18, 1034,캐주얼 스냅백
2025-09-16 10:07:19, 1035,심플한 지갑
2025-09-16 10:07:20, 1037,골드 목걸이
2025-09-16 10:07:24, 1039,실크 스카프
2025-09-16 10:07:25, 1038,클래식 시계
2025-09-16 10:07:26, 1000,베이직 라운드 티셔츠
2025-09-16 10:07:28, 1017,데님 숏츠
2025-09-16 10:07:31, 1028,트레킹화
2025-09-16 10:07:32, 1030,가죽 크로스백
2025-09-16 10:07:34, 1033,가죽 벨트
2025-09-16 10:07:35, 1025,통굽 슬리퍼
2025-09-16 10:07:37, 1017,데님 숏츠
2025-09-16 10:07:38, 1016,캐시미어 목폴라
2025-09-16 10:07:39, 1014,린넨 블라우스
2025-09-16 10:07:40, 1016,캐시미어 목폴라
2025-09-16 10:07:41, 1028,트레킹화
2025-09-16 10:07:43, 1032,울 머플러
2025-09-16 10:07:44, 1034,캐주얼 스냅백
2025-09-16 10:07:45, 1018,스포츠 레깅스
2025-09-16 10:07:47, 1016,캐시미어 목폴라
2025-09-16 10:07:48, 1010,숏패딩 점퍼
2025-09-16 10:07:49, 1005,와이드 슬랙스
2025-09-16 10:07:51, 1008,플리츠 스커트
2025-09-16 10:07:52, 1010,숏패딩 점퍼
2025-09-16 10:07:53, 1014,린넨 블라우스
2025-09-16 10:07:54, 1016,캐시미어 목폴라
