[2025-09-19 14:33:58:3117][restartedMain] DEBUG o.s.w.s.m.m.a.RequestMappingHandlerMapping - 65 mappings in 'requestMappingHandlerMapping'
[2025-09-19 14:33:58:3190][restartedMain] DEBUG o.s.w.s.h.SimpleUrlHandlerMapping - Patterns [/webjars/**, /**, /imgs/**, /logs/**] in 'resourceHandlerMapping'
[2025-09-19 14:33:58:3343][restartedMain] DEBUG o.s.w.s.m.m.a.RequestMappingHandlerAdapter - ControllerAdvice beans: 0 @ModelAttribute, 0 @InitBinder, 1 RequestBodyAdvice, 1 ResponseBodyAdvice
[2025-09-19 14:33:58:3387][restartedMain] DEBUG o.s.w.s.m.m.a.ExceptionHandlerExceptionResolver - ControllerAdvice beans: 0 @ExceptionHandler, 1 ResponseBodyAdvice
[2025-09-19 14:34:04:9964][https-jsse-nio-8443-exec-6] INFO  o.s.web.servlet.DispatcherServlet - Initializing Servlet 'dispatcherServlet'
[2025-09-19 14:34:04:9964][https-jsse-nio-8443-exec-6] DEBUG o.s.web.servlet.DispatcherServlet - Detected StandardServletMultipartResolver
[2025-09-19 14:34:04:9964][https-jsse-nio-8443-exec-6] DEBUG o.s.web.servlet.DispatcherServlet - Detected AcceptHeaderLocaleResolver
[2025-09-19 14:34:04:9964][https-jsse-nio-8443-exec-6] DEBUG o.s.web.servlet.DispatcherServlet - Detected FixedThemeResolver
[2025-09-19 14:34:04:9966][https-jsse-nio-8443-exec-6] DEBUG o.s.web.servlet.DispatcherServlet - Detected org.springframework.web.servlet.view.DefaultRequestToViewNameTranslator@38ea045
[2025-09-19 14:34:04:9966][https-jsse-nio-8443-exec-6] DEBUG o.s.web.servlet.DispatcherServlet - Detected org.springframework.web.servlet.support.SessionFlashMapManager@63da68a0
[2025-09-19 14:34:04:9966][https-jsse-nio-8443-exec-6] DEBUG o.s.web.servlet.DispatcherServlet - enableLoggingRequestDetails='false': request parameters and headers will be masked to prevent unsafe logging of potentially sensitive data
[2025-09-19 14:34:04:9967][https-jsse-nio-8443-exec-6] INFO  o.s.web.servlet.DispatcherServlet - Completed initialization in 2 ms
[2025-09-19 14:34:04:10000][https-jsse-nio-8443-exec-6] DEBUG o.s.web.servlet.DispatcherServlet - GET "/", parameters={}
[2025-09-19 14:34:04:10002][https-jsse-nio-8443-exec-6] DEBUG o.s.w.s.m.m.a.RequestMappingHandlerMapping - Mapped to edu.sm.controller.MainController#main(Model)
[2025-09-19 14:34:04:10031][https-jsse-nio-8443-exec-6] DEBUG o.s.w.s.v.ContentNegotiatingViewResolver - Selected 'text/html' given [text/html, application/xhtml+xml, image/avif, image/webp, image/apng, application/xml;q=0.9, */*;q=0.8, application/signed-exchange;v=b3;q=0.7]
[2025-09-19 14:34:04:10032][https-jsse-nio-8443-exec-6] DEBUG o.s.web.servlet.view.JstlView - View name [index], model {}
[2025-09-19 14:34:04:10039][https-jsse-nio-8443-exec-6] DEBUG o.s.web.servlet.view.JstlView - Forwarding to [/views/index.jsp]
[2025-09-19 14:34:06:11511][https-jsse-nio-8443-exec-6] DEBUG o.s.web.servlet.DispatcherServlet - Completed 200 OK
[2025-09-19 14:34:06:11833][https-jsse-nio-8443-exec-7] DEBUG o.s.web.servlet.DispatcherServlet - GET "/favicon.ico", parameters={}
[2025-09-19 14:34:06:11834][https-jsse-nio-8443-exec-7] DEBUG o.s.w.s.h.SimpleUrlHandlerMapping - Mapped to ResourceHttpRequestHandler [classpath [META-INF/resources/], classpath [resources/], classpath [static/], classpath [public/], ServletContext [/]]
[2025-09-19 14:34:06:11839][https-jsse-nio-8443-exec-7] DEBUG o.s.w.s.r.ResourceHttpRequestHandler - Resource not found
[2025-09-19 14:34:06:11849][https-jsse-nio-8443-exec-7] DEBUG o.s.w.s.m.s.DefaultHandlerExceptionResolver - Resolved [org.springframework.web.servlet.resource.NoResourceFoundException: No static resource favicon.ico.]
[2025-09-19 14:34:06:11849][https-jsse-nio-8443-exec-7] DEBUG o.s.web.servlet.DispatcherServlet - Completed 404 NOT_FOUND
[2025-09-19 14:34:06:11853][https-jsse-nio-8443-exec-7] DEBUG o.s.web.servlet.DispatcherServlet - "ERROR" dispatch for GET "/error", parameters={}
[2025-09-19 14:34:06:11853][https-jsse-nio-8443-exec-7] DEBUG o.s.w.s.m.m.a.RequestMappingHandlerMapping - Mapped to org.springframework.boot.autoconfigure.web.servlet.error.BasicErrorController#error(HttpServletRequest)
[2025-09-19 14:34:06:11876][https-jsse-nio-8443-exec-7] DEBUG o.s.w.s.m.m.a.HttpEntityMethodProcessor - Using 'application/json;q=0.8', given [image/avif, image/webp, image/apng, image/svg+xml, image/*, */*;q=0.8] and supported [application/json, application/*+json]
[2025-09-19 14:34:06:11880][https-jsse-nio-8443-exec-7] DEBUG o.s.w.s.m.m.a.HttpEntityMethodProcessor - Writing [{timestamp=Fri Sep 19 14:34:06 KST 2025, status=404, error=Not Found, trace=org.springframework.web. (truncated)...]
[2025-09-19 14:34:06:11934][https-jsse-nio-8443-exec-7] DEBUG o.s.web.servlet.DispatcherServlet - Exiting from "ERROR" dispatch, status 404
[2025-09-19 14:34:13:18388][https-jsse-nio-8443-exec-4] DEBUG o.s.web.servlet.DispatcherServlet - GET "/cust", parameters={}
[2025-09-19 14:34:13:18389][https-jsse-nio-8443-exec-4] DEBUG o.s.w.s.m.m.a.RequestMappingHandlerMapping - Mapped to edu.sm.controller.CustController#main(Model)
[2025-09-19 14:34:13:18390][https-jsse-nio-8443-exec-4] DEBUG o.s.w.s.v.ContentNegotiatingViewResolver - Selected 'text/html' given [text/html, application/xhtml+xml, image/avif, image/webp, image/apng, application/xml;q=0.9, */*;q=0.8, application/signed-exchange;v=b3;q=0.7]
[2025-09-19 14:34:13:18391][https-jsse-nio-8443-exec-4] DEBUG o.s.web.servlet.view.JstlView - View name [index], model {center=cust/center, left=cust/left}
[2025-09-19 14:34:13:18392][https-jsse-nio-8443-exec-4] DEBUG o.s.web.servlet.view.JstlView - Forwarding to [/views/index.jsp]
[2025-09-19 14:34:13:18592][https-jsse-nio-8443-exec-4] DEBUG o.s.web.servlet.DispatcherServlet - Completed 200 OK
[2025-09-19 14:34:14:19810][https-jsse-nio-8443-exec-1] DEBUG o.s.web.servlet.DispatcherServlet - GET "/cust/add", parameters={}
[2025-09-19 14:34:14:19810][https-jsse-nio-8443-exec-1] DEBUG o.s.w.s.m.m.a.RequestMappingHandlerMapping - Mapped to edu.sm.controller.CustController#add(Model)
[2025-09-19 14:34:14:19811][https-jsse-nio-8443-exec-1] DEBUG o.s.w.s.v.ContentNegotiatingViewResolver - Selected 'text/html' given [text/html, application/xhtml+xml, image/avif, image/webp, image/apng, application/xml;q=0.9, */*;q=0.8, application/signed-exchange;v=b3;q=0.7]
[2025-09-19 14:34:14:19812][https-jsse-nio-8443-exec-1] DEBUG o.s.web.servlet.view.JstlView - View name [index], model {center=cust/add, left=cust/left}
[2025-09-19 14:34:14:19812][https-jsse-nio-8443-exec-1] DEBUG o.s.web.servlet.view.JstlView - Forwarding to [/views/index.jsp]
[2025-09-19 14:34:14:19913][https-jsse-nio-8443-exec-1] DEBUG o.s.web.servlet.DispatcherServlet - Completed 200 OK
[2025-09-19 14:34:25:30924][https-jsse-nio-8443-exec-8] DEBUG o.s.web.servlet.DispatcherServlet - POST "/cust/addimpl", parameters={masked}
[2025-09-19 14:34:25:30925][https-jsse-nio-8443-exec-8] DEBUG o.s.w.s.m.m.a.RequestMappingHandlerMapping - Mapped to edu.sm.controller.CustController#addimpl(Model, Cust)
[2025-09-19 14:34:26:31415][https-jsse-nio-8443-exec-8] DEBUG o.s.web.servlet.view.RedirectView - View name [redirect:], model {}
[2025-09-19 14:34:26:31417][https-jsse-nio-8443-exec-8] DEBUG o.s.web.servlet.DispatcherServlet - Completed 302 FOUND
[2025-09-19 14:34:26:31423][https-jsse-nio-8443-exec-3] DEBUG o.s.web.servlet.DispatcherServlet - GET "/cust/get", parameters={}
[2025-09-19 14:34:26:31424][https-jsse-nio-8443-exec-3] DEBUG o.s.w.s.m.m.a.RequestMappingHandlerMapping - Mapped to edu.sm.controller.CustController#get(Model)
[2025-09-19 14:34:26:31490][https-jsse-nio-8443-exec-3] DEBUG o.s.w.s.v.ContentNegotiatingViewResolver - Selected 'text/html' given [text/html, application/xhtml+xml, image/avif, image/webp, image/apng, application/xml;q=0.9, */*;q=0.8, application/signed-exchange;v=b3;q=0.7]
[2025-09-19 14:34:26:31491][https-jsse-nio-8443-exec-3] DEBUG o.s.web.servlet.view.JstlView - View name [index], model {clist=[Cust(custId=id02, custPwd=null, custName=김말자, custAddr=nFXvRCay1RwGOIk7SX8ot3o3Dr7NlyyM, custRegdate=2025-09-08T13:48:26, custUpdate=2025-09-17T13:51), Cust(custId=id03, custPwd=null, custName=김말자, custAddr=kjmElPGEmD8RS4+Ph0ZdQEiXTzpx8PZi, custRegdate=2025-09-08T13:49:38, custUpdate=2025-09-17T13:49:39), Cust(custId=id04, custPwd=null, custName=주민성, custAddr=YoD84zLbF4ZHZaV6WiQjAgPTMQ1EQ2HH, custRegdate=2025-09-08T14:17:51, custUpdate=2025-09-17T14:00:23), Cust(custId=id05, custPwd=null, custName=주민성2, custAddr=fJVns+KeYYIhKaG7AY/CDxZE55fiuygl, custRegdate=2025-09-08T14:17:16, custUpdate=2025-09-17T13:59:04), Cust(custId=id06, custPwd=null, custName=주민성3, custAddr=3rIojjEXJ5LjAOG432/KOrlM6VOJ5dYT, custRegdate=2025-09-08T14:18:22, custUpdate=2025-09-17T14:02), Cust(custId=id07, custPwd=null, custName=테스트, custAddr=JFJhdo4JKLviIZNFDvhCda9Tq4ZXriuo, custRegdate=2025-09-08T14:18:53, custUpdate=2025-09-17T14:08:26), Cust(custId=id08, custPwd=$2a$10$dVf4ejPPr/D58.HshcCw9Oyr6uVRG7Pf0hH3fqS5kcUge3jHYN0BK, custName=테스트2-2, custAddr=2gLKv++d5PF12nl6Jb8DfEfk5ooZOg0ZafsiuAdTz+E=, custRegdate=2025-09-08T14:19:22, custUpdate=2025-09-17T14:11:17), Cust(custId=id09, custPwd=$2a$10$BmCVHadcDcI9eVBLBAw/PuQ5c1/NFXQcbcSIELgFrCrY1QLQAuGcC, custName=이재경, custAddr=EaibalYPLFN9M0miq33Si7RrT71tI/znmW1gqn+UAnA=, custRegdate=2025-09-08T14:19:52, custUpdate=2025-09-08T14:19:52), Cust(custId=id10, custPwd=$2a$10$wNYFzppsDY6KcE.S7eCn7u3j6JuYnpPqRyWPaRtT7pGAGf08mlVf6, custName=왕도국, custAddr=0SB4xVsctUGvcEe1S/+30jnz+L7xCdN5W7CcIbuDNMU=, custRegdate=2025-09-08T14:20:14, custUpdate=2025-09-08T14:20:14), Cust(custId=id11, custPwd=$2a$10$wI1uCnUm6p8KUAjVjt93AeceFln3DCMEcTP6P8jrGDfz2bdggbm5u, custName=이태평, custAddr=5uzZ4gp35ZhAtvMBhHyidQxWdQoC/ailvfyP4hVbetY=, custRegdate=2025-09-08T16:59:45, custUpdate=2025-09-08T16:59:45), Cust(custId=id12, custPwd=$2a$10$Vp6XvylAPC2nKq40wro5gOY2Vh1XUWnhBZkbt3umqwReKBHk234na, custName=충청만, custAddr=+LDvVpxtQJIKgMMtAXJvcZlZrid5kxGmwX5nWzbaVHMEkGiQ6+gC3A==, custRegdate=2025-09-09T10:12:42, custUpdate=2025-09-09T10:16:23), Cust(custId=id13, custPwd=$2a$10$9hRCaqUz/7ndrZ68/QTtFOlYsnktM5QcFk5t38JhL4y3LlqdpJlBC, custName=주민송, custAddr=OKI1QDuerYktcvwoICsgTCrt6TAFLLEn, custRegdate=2025-09-10T16:11:59, custUpdate=2025-09-10T16:11:59), Cust(custId=id77, custPwd=$2a$10$5YSazx/Sp1v1TFFvO2o90.JRR7hgpV4B9zAaU/nOq0/WkArQCFYPe, custName=행운남, custAddr=ynBuehJgMu0NMA8Ahul3PAKULWIT0EZ3, custRegdate=2025-09-17T11:09:46, custUpdate=2025-09-17T11:09:46), Cust(custId=id88, custPwd=$2a$10$.OO7pe15htrOaButv9i5W.OOu5F1zZsjlmWgEWtBoIoo5xhBumYvW, custName=id88, custAddr=Ctn0L+06PXuuQnhccWI0hw==, custRegdate=2025-09-19T14:34:26, custUpdate=2025-09-19T14:34:26), Cust(custId=id99, custPwd=$2a$10$aWu/dnOCBJEOAhRuOEWPuuBZv0RktaEGoW/kibIlWK1EXB8.dxJlm, custName=진짜주민성, custAddr=VESl1fwPMHHN0oGfxcKa5HX9GVZLrpK6, custRegdate=2025-09-11T15:30:54, custUpdate=2025-09-11T15:30:54)], left=cust/left, center=cust/get}
[2025-09-19 14:34:26:31492][https-jsse-nio-8443-exec-3] DEBUG o.s.web.servlet.view.JstlView - Forwarding to [/views/index.jsp]
[2025-09-19 14:34:26:31874][https-jsse-nio-8443-exec-3] DEBUG o.s.web.servlet.DispatcherServlet - Completed 200 OK
